<?xml version="1.0" encoding="UTF-8"?>
<testng-results skipped="0" failed="0" ignored="0" total="2" passed="2">
  <reporter-output>
  </reporter-output>
  <suite name="WebSiteValidation" duration-ms="31276" started-at="2017-12-02T15:05:46Z" finished-at="2017-12-02T15:06:18Z">
    <groups>
    </groups>
    <test name="SmokeScenario" duration-ms="31276" started-at="2017-12-02T15:05:46Z" finished-at="2017-12-02T15:06:18Z">
      <class name="testcases.VerifyHomePage">
        <test-method status="PASS" signature="setUp()[pri:0, instance:testcases.VerifyHomePage@7a5d012c]" name="setUp" is-config="true" duration-ms="8906" started-at="2017-12-02T15:06:08Z" finished-at="2017-12-02T15:06:17Z">
          <reporter-output>
          </reporter-output>
        </test-method> <!-- setUp -->
        <test-method status="PASS" signature="testHomePage()[pri:0, instance:testcases.VerifyHomePage@7a5d012c]" name="testHomePage" duration-ms="8" started-at="2017-12-02T15:06:17Z" finished-at="2017-12-02T15:06:17Z">
          <reporter-output>
          </reporter-output>
        </test-method> <!-- testHomePage -->
        <test-method status="PASS" signature="tearDown()[pri:0, instance:testcases.VerifyHomePage@7a5d012c]" name="tearDown" is-config="true" duration-ms="674" started-at="2017-12-02T15:06:17Z" finished-at="2017-12-02T15:06:18Z">
          <reporter-output>
          </reporter-output>
        </test-method> <!-- tearDown -->
      </class> <!-- testcases.VerifyHomePage -->
      <class name="testcases.VerifyLoginPage">
        <test-method status="PASS" signature="setUp()[pri:0, instance:testcases.VerifyLoginPage@3cda1055]" name="setUp" is-config="true" duration-ms="16286" started-at="2017-12-02T15:05:46Z" finished-at="2017-12-02T15:06:03Z">
          <reporter-output>
          </reporter-output>
        </test-method> <!-- setUp -->
        <test-method status="PASS" signature="testHomePage()[pri:0, instance:testcases.VerifyLoginPage@3cda1055]" name="testHomePage" duration-ms="4677" started-at="2017-12-02T15:06:03Z" finished-at="2017-12-02T15:06:07Z">
          <reporter-output>
          </reporter-output>
        </test-method> <!-- testHomePage -->
        <test-method status="PASS" signature="tearDown()[pri:0, instance:testcases.VerifyLoginPage@3cda1055]" name="tearDown" is-config="true" duration-ms="690" started-at="2017-12-02T15:06:07Z" finished-at="2017-12-02T15:06:08Z">
          <reporter-output>
          </reporter-output>
        </test-method> <!-- tearDown -->
      </class> <!-- testcases.VerifyLoginPage -->
    </test> <!-- SmokeScenario -->
  </suite> <!-- WebSiteValidation -->
</testng-results>
