<?xml version="1.0" encoding="UTF-8"?>
<testng-results skipped="0" failed="0" ignored="0" total="1" passed="1">
  <reporter-output>
  </reporter-output>
  <suite name="Default suite" duration-ms="16033" started-at="2017-12-01T15:54:00Z" finished-at="2017-12-01T15:54:16Z">
    <groups>
    </groups>
    <test name="Default test" duration-ms="16033" started-at="2017-12-01T15:54:00Z" finished-at="2017-12-01T15:54:16Z">
      <class name="testcases.VerifyHomePage">
        <test-method status="PASS" signature="setUp()[pri:0, instance:testcases.VerifyHomePage@18be83e4]" name="setUp" is-config="true" duration-ms="14955" started-at="2017-12-01T15:54:00Z" finished-at="2017-12-01T15:54:15Z">
          <reporter-output>
          </reporter-output>
        </test-method> <!-- setUp -->
        <test-method status="PASS" signature="testHomePage()[pri:0, instance:testcases.VerifyHomePage@18be83e4]" name="testHomePage" duration-ms="90" started-at="2017-12-01T15:54:15Z" finished-at="2017-12-01T15:54:15Z">
          <reporter-output>
          </reporter-output>
        </test-method> <!-- testHomePage -->
        <test-method status="PASS" signature="tearDown()[pri:0, instance:testcases.VerifyHomePage@18be83e4]" name="tearDown" is-config="true" duration-ms="771" started-at="2017-12-01T15:54:15Z" finished-at="2017-12-01T15:54:16Z">
          <reporter-output>
          </reporter-output>
        </test-method> <!-- tearDown -->
      </class> <!-- testcases.VerifyHomePage -->
    </test> <!-- Default test -->
  </suite> <!-- Default suite -->
</testng-results>
